<?xml version="1.0" encoding="UTF-8"?>
<!-- Generated by org.testng.reporters.JUnitReportReporter -->
<testsuite skipped="0" hostname="DESKTOP-HR3R6BQ" name="com.google.links100.Link9" tests="1" failures="0" timestamp="03 Nov 2019 18:08:56 GMT" time="12.253" errors="0">
  <testcase name="navigateURL" time="12.253" classname="com.google.links100.Link9"/>
</testsuite> <!-- com.google.links100.Link9 -->
