<?xml version="1.0" encoding="UTF-8"?>
<!-- Generated by org.testng.reporters.JUnitReportReporter -->
<testsuite skipped="0" hostname="DESKTOP-HR3R6BQ" name="com.google.links200.Link12" tests="1" failures="0" timestamp="03 Nov 2019 19:10:20 GMT" time="15.040" errors="0">
  <testcase name="navigateURL" time="15.040" classname="com.google.links200.Link12"/>
</testsuite> <!-- com.google.links200.Link12 -->
